<?xml version="1.0" encoding="UTF-8"?>
<!-- Generated by org.testng.reporters.JUnitReportReporter -->
<testsuite hostname="WPG02XVF1" failures="0" tests="1" name="com.tietoEvery.selenium.testing.LoginTest" time="8.089" errors="0" timestamp="22 Dec 2024 18:55:02 GMT" skipped="0">
  <testcase classname="com.tietoEvery.selenium.testing.LoginTest" name="loginTest" time="8.089"/>
</testsuite> <!-- com.tietoEvery.selenium.testing.LoginTest -->
