<?xml version="1.0" encoding="UTF-8"?>
<!-- Generated by org.testng.reporters.JUnitReportReporter -->
<testsuite hostname="WPG02XVF1" failures="0" tests="1" name="com.tietoevry.selenium.testing.AddRemoveTest" time="4.744" errors="0" timestamp="23 Dec 2024 10:10:23 GMT" skipped="0">
  <testcase classname="com.tietoevry.selenium.testing.AddRemoveTest" name="addAndRemoveTest" time="4.744"/>
</testsuite> <!-- com.tietoevry.selenium.testing.AddRemoveTest -->
